<?xml version="1.0" encoding="UTF-8"?>
<testng-results ignored="0" total="5" passed="5" failed="0" skipped="0">
  <reporter-output>
  </reporter-output>
  <suite started-at="2023-12-03T06:18:30 UTC" name="Spotify BDD Test Suite" finished-at="2023-12-03T06:18:35 UTC" duration-ms="4778">
    <groups>
      <group name="cucumber">
        <method signature="AbstractTestNGCucumberTests.runScenario(io.cucumber.testng.PickleWrapper,io.cucumber.testng.FeatureWrapper)[pri:0, instance:com.spotify.runner.TestNgRunner@70ed52de]" name="runScenario" class="io.cucumber.testng.AbstractTestNGCucumberTests"/>
      </group> <!-- cucumber -->
    </groups>
    <test started-at="2023-12-03T06:18:30 UTC" name="Spotify BDD Tests" finished-at="2023-12-03T06:18:35 UTC" duration-ms="4778">
      <class name="com.spotify.runner.TestNgRunner">
        <test-method is-config="true" signature="setUpClass(org.testng.ITestContext)[pri:0, instance:com.spotify.runner.TestNgRunner@70ed52de]" started-at="2023-12-03T06:18:30 UTC" name="setUpClass" finished-at="2023-12-03T06:18:30 UTC" duration-ms="494" status="PASS">
          <params>
            <param index="0">
              <value>
                <![CDATA[org.testng.TestRunner@5909ae90]]>
              </value>
            </param>
          </params>
          <reporter-output>
          </reporter-output>
        </test-method> <!-- setUpClass -->
        <test-method signature="runScenario(io.cucumber.testng.PickleWrapper,io.cucumber.testng.FeatureWrapper)[pri:0, instance:com.spotify.runner.TestNgRunner@70ed52de]" started-at="2023-12-03T06:18:31 UTC" name="runScenario" description="Runs Cucumber Scenarios" data-provider="scenarios" finished-at="2023-12-03T06:18:34 UTC" duration-ms="3723" status="PASS">
          <params>
            <param index="0">
              <value>
                <![CDATA["Verify Playlists. User should be able to create, get and update a playlist"]]>
              </value>
            </param>
            <param index="1">
              <value>
                <![CDATA["Playlists"]]>
              </value>
            </param>
          </params>
          <reporter-output>
          </reporter-output>
        </test-method> <!-- runScenario -->
        <test-method signature="runScenario(io.cucumber.testng.PickleWrapper,io.cucumber.testng.FeatureWrapper)[pri:0, instance:com.spotify.runner.TestNgRunner@70ed52de]" started-at="2023-12-03T06:18:34 UTC" name="runScenario" description="Runs Cucumber Scenarios" data-provider="scenarios" finished-at="2023-12-03T06:18:34 UTC" duration-ms="115" status="PASS">
          <params>
            <param index="0">
              <value>
                <![CDATA["Verify create Playlists with invalid payload"]]>
              </value>
            </param>
            <param index="1">
              <value>
                <![CDATA["Playlists"]]>
              </value>
            </param>
          </params>
          <reporter-output>
          </reporter-output>
        </test-method> <!-- runScenario -->
        <test-method signature="runScenario(io.cucumber.testng.PickleWrapper,io.cucumber.testng.FeatureWrapper)[pri:0, instance:com.spotify.runner.TestNgRunner@70ed52de]" started-at="2023-12-03T06:18:34 UTC" name="runScenario" description="Runs Cucumber Scenarios" data-provider="scenarios" finished-at="2023-12-03T06:18:34 UTC" duration-ms="106" status="PASS">
          <params>
            <param index="0">
              <value>
                <![CDATA["Verify create Playlists with invalid Access Token"]]>
              </value>
            </param>
            <param index="1">
              <value>
                <![CDATA["Playlists"]]>
              </value>
            </param>
          </params>
          <reporter-output>
          </reporter-output>
        </test-method> <!-- runScenario -->
        <test-method signature="runScenario(io.cucumber.testng.PickleWrapper,io.cucumber.testng.FeatureWrapper)[pri:0, instance:com.spotify.runner.TestNgRunner@70ed52de]" started-at="2023-12-03T06:18:34 UTC" name="runScenario" description="Runs Cucumber Scenarios" data-provider="scenarios" finished-at="2023-12-03T06:18:35 UTC" duration-ms="101" status="PASS">
          <params>
            <param index="0">
              <value>
                <![CDATA["Verify create Playlists with invalid Access Token"]]>
              </value>
            </param>
            <param index="1">
              <value>
                <![CDATA["Playlists"]]>
              </value>
            </param>
          </params>
          <reporter-output>
          </reporter-output>
        </test-method> <!-- runScenario -->
        <test-method signature="runScenario(io.cucumber.testng.PickleWrapper,io.cucumber.testng.FeatureWrapper)[pri:0, instance:com.spotify.runner.TestNgRunner@70ed52de]" started-at="2023-12-03T06:18:35 UTC" name="runScenario" description="Runs Cucumber Scenarios" data-provider="scenarios" finished-at="2023-12-03T06:18:35 UTC" duration-ms="98" status="PASS">
          <params>
            <param index="0">
              <value>
                <![CDATA["Verify create Playlists with invalid Access Token"]]>
              </value>
            </param>
            <param index="1">
              <value>
                <![CDATA["Playlists"]]>
              </value>
            </param>
          </params>
          <reporter-output>
          </reporter-output>
        </test-method> <!-- runScenario -->
        <test-method is-config="true" signature="tearDownClass()[pri:0, instance:com.spotify.runner.TestNgRunner@70ed52de]" started-at="2023-12-03T06:18:35 UTC" name="tearDownClass" finished-at="2023-12-03T06:18:35 UTC" duration-ms="103" status="PASS">
          <reporter-output>
          </reporter-output>
        </test-method> <!-- tearDownClass -->
      </class> <!-- com.spotify.runner.TestNgRunner -->
    </test> <!-- Spotify BDD Tests -->
  </suite> <!-- Spotify BDD Test Suite -->
</testng-results>
