<?xml version="1.0" encoding="UTF-8"?>
<testng-results ignored="0" total="4" passed="4" failed="0" skipped="0">
  <reporter-output>
  </reporter-output>
  <suite started-at="2023-12-03T06:12:53 UTC" name="Spotify BDD Test Suite" finished-at="2023-12-03T06:12:56 UTC" duration-ms="2964">
    <groups>
      <group name="cucumber">
        <method signature="AbstractTestNGCucumberTests.runScenario(io.cucumber.testng.PickleWrapper,io.cucumber.testng.FeatureWrapper)[pri:0, instance:com.spotify.runner.TestNgRunner@70ed52de]" name="runScenario" class="io.cucumber.testng.AbstractTestNGCucumberTests"/>
      </group> <!-- cucumber -->
    </groups>
    <test started-at="2023-12-03T06:12:53 UTC" name="Spotify BDD Tests" finished-at="2023-12-03T06:12:56 UTC" duration-ms="2964">
      <class name="com.spotify.runner.TestNgRunner">
        <test-method is-config="true" signature="setUpClass(org.testng.ITestContext)[pri:0, instance:com.spotify.runner.TestNgRunner@70ed52de]" started-at="2023-12-03T06:12:53 UTC" name="setUpClass" finished-at="2023-12-03T06:12:54 UTC" duration-ms="412" status="PASS">
          <params>
            <param index="0">
              <value>
                <![CDATA[org.testng.TestRunner@370225c7]]>
              </value>
            </param>
          </params>
          <reporter-output>
          </reporter-output>
        </test-method> <!-- setUpClass -->
        <test-method signature="runScenario(io.cucumber.testng.PickleWrapper,io.cucumber.testng.FeatureWrapper)[pri:0, instance:com.spotify.runner.TestNgRunner@70ed52de]" started-at="2023-12-03T06:12:54 UTC" name="runScenario" description="Runs Cucumber Scenarios" data-provider="scenarios" finished-at="2023-12-03T06:12:56 UTC" duration-ms="2086" status="PASS">
          <params>
            <param index="0">
              <value>
                <![CDATA["Verify create Playlists with invalid payload"]]>
              </value>
            </param>
            <param index="1">
              <value>
                <![CDATA["Playlists"]]>
              </value>
            </param>
          </params>
          <reporter-output>
          </reporter-output>
        </test-method> <!-- runScenario -->
        <test-method signature="runScenario(io.cucumber.testng.PickleWrapper,io.cucumber.testng.FeatureWrapper)[pri:0, instance:com.spotify.runner.TestNgRunner@70ed52de]" started-at="2023-12-03T06:12:56 UTC" name="runScenario" description="Runs Cucumber Scenarios" data-provider="scenarios" finished-at="2023-12-03T06:12:56 UTC" duration-ms="122" status="PASS">
          <params>
            <param index="0">
              <value>
                <![CDATA["Verify create Playlists with invalid Access Token"]]>
              </value>
            </param>
            <param index="1">
              <value>
                <![CDATA["Playlists"]]>
              </value>
            </param>
          </params>
          <reporter-output>
          </reporter-output>
        </test-method> <!-- runScenario -->
        <test-method signature="runScenario(io.cucumber.testng.PickleWrapper,io.cucumber.testng.FeatureWrapper)[pri:0, instance:com.spotify.runner.TestNgRunner@70ed52de]" started-at="2023-12-03T06:12:56 UTC" name="runScenario" description="Runs Cucumber Scenarios" data-provider="scenarios" finished-at="2023-12-03T06:12:56 UTC" duration-ms="123" status="PASS">
          <params>
            <param index="0">
              <value>
                <![CDATA["Verify create Playlists with invalid Access Token"]]>
              </value>
            </param>
            <param index="1">
              <value>
                <![CDATA["Playlists"]]>
              </value>
            </param>
          </params>
          <reporter-output>
          </reporter-output>
        </test-method> <!-- runScenario -->
        <test-method signature="runScenario(io.cucumber.testng.PickleWrapper,io.cucumber.testng.FeatureWrapper)[pri:0, instance:com.spotify.runner.TestNgRunner@70ed52de]" started-at="2023-12-03T06:12:56 UTC" name="runScenario" description="Runs Cucumber Scenarios" data-provider="scenarios" finished-at="2023-12-03T06:12:56 UTC" duration-ms="110" status="PASS">
          <params>
            <param index="0">
              <value>
                <![CDATA["Verify create Playlists with invalid Access Token"]]>
              </value>
            </param>
            <param index="1">
              <value>
                <![CDATA["Playlists"]]>
              </value>
            </param>
          </params>
          <reporter-output>
          </reporter-output>
        </test-method> <!-- runScenario -->
        <test-method is-config="true" signature="tearDownClass()[pri:0, instance:com.spotify.runner.TestNgRunner@70ed52de]" started-at="2023-12-03T06:12:56 UTC" name="tearDownClass" finished-at="2023-12-03T06:12:56 UTC" duration-ms="76" status="PASS">
          <reporter-output>
          </reporter-output>
        </test-method> <!-- tearDownClass -->
      </class> <!-- com.spotify.runner.TestNgRunner -->
    </test> <!-- Spotify BDD Tests -->
  </suite> <!-- Spotify BDD Test Suite -->
</testng-results>
