<?xml version="1.0" encoding="UTF-8"?>
<testsuite xmlns:xsi="http://www.w3.org/2001/XMLSchema-instance" xsi:noNamespaceSchemaLocation="https://maven.apache.org/surefire/maven-surefire-plugin/xsd/surefire-test-report.xsd" name="TestSuite" time="3.53" tests="4" errors="0" skipped="0" failures="0">
  <properties>
[...]
</properties>
  <testcase name="runScenario" classname="com.spotify.runner.TestNgRunner" time="2.086"/>
  <testcase name="runScenario" classname="com.spotify.runner.TestNgRunner" time="0.122"/>
  <testcase name="runScenario" classname="com.spotify.runner.TestNgRunner" time="0.124"/>
  <testcase name="runScenario" classname="com.spotify.runner.TestNgRunner" time="0.11"/>
</testsuite>